C:\USERS\DAN\DOCUMENTS\GITHUB\HUFFMAN-COMPRESSION\HUFFMAN CODE TREE CODES - 12009019\HUFFMAN CODE TREE CODES - 12009019\DEBUG\HUFFMANTREE.OBJ
C:\USERS\DAN\DOCUMENTS\GITHUB\HUFFMAN-COMPRESSION\HUFFMAN CODE TREE CODES - 12009019\HUFFMAN CODE TREE CODES - 12009019\DEBUG\VC110.PDB
C:\USERS\DAN\DOCUMENTS\GITHUB\HUFFMAN-COMPRESSION\HUFFMAN CODE TREE CODES - 12009019\HUFFMAN CODE TREE CODES - 12009019\DEBUG\MAIN.OBJ
C:\USERS\DAN\DOCUMENTS\GITHUB\HUFFMAN-COMPRESSION\HUFFMAN COMPRESSION - 12009019\HUFFMAN CODE TREE CODES - 12009019\DEBUG\HUFFMANTREE.OBJ
C:\USERS\DAN\DOCUMENTS\GITHUB\HUFFMAN-COMPRESSION\HUFFMAN COMPRESSION - 12009019\HUFFMAN CODE TREE CODES - 12009019\DEBUG\MAIN.OBJ
C:\USERS\DAN\DOCUMENTS\GITHUB\HUFFMAN-COMPRESSION\HUFFMAN COMPRESSION - 12009019\HUFFMAN CODE TREE CODES - 12009019\DEBUG\SYMBOLFREQ.OBJ
C:\USERS\DAN\DOCUMENTS\GITHUB\HUFFMAN-COMPRESSION\HUFFMAN COMPRESSION - 12009019\HUFFMAN CODE TREE CODES - 12009019\DEBUG\VC110.PDB
C:\USERS\DAN\DOCUMENTS\GITHUB\HUFFMAN-COMPRESSION\HUFFMAN COMPRESSION - 12009019\HUFFMAN CODE TREE CODES - 12009019\DEBUG\BINARYTREE.OBJ
C:\USERS\DAN\DOCUMENTS\GITHUB\HUFFMAN-COMPRESSION\HUFFMAN CODE TREE CODES - 12009019\DEBUG\HUFFMAN CODE TREE CODES - 12009019.ILK
C:\USERS\DAN\DOCUMENTS\GITHUB\HUFFMAN-COMPRESSION\HUFFMAN CODE TREE CODES - 12009019\DEBUG\HUFFMAN CODE TREE CODES - 12009019.EXE
C:\USERS\DAN\DOCUMENTS\GITHUB\HUFFMAN-COMPRESSION\HUFFMAN CODE TREE CODES - 12009019\DEBUG\HUFFMAN CODE TREE CODES - 12009019.PDB
C:\USERS\DAN\DOCUMENTS\GITHUB\HUFFMAN-COMPRESSION\HUFFMAN COMPRESSION - 12009019\DEBUG\HUFFMAN CODE TREE CODES - 12009019.ILK
C:\USERS\DAN\DOCUMENTS\GITHUB\HUFFMAN-COMPRESSION\HUFFMAN COMPRESSION - 12009019\DEBUG\HUFFMAN CODE TREE CODES - 12009019.EXE
C:\USERS\DAN\DOCUMENTS\GITHUB\HUFFMAN-COMPRESSION\HUFFMAN COMPRESSION - 12009019\DEBUG\HUFFMAN CODE TREE CODES - 12009019.PDB
C:\Users\Dan\Documents\GitHub\Huffman-Compression\Huffman Compression - 12009019\Huffman Code Tree Codes - 12009019\Debug\BinaryTree.obj
C:\Users\Dan\Documents\GitHub\Huffman-Compression\Huffman Compression - 12009019\Huffman Code Tree Codes - 12009019\Debug\huffmanTree.obj
C:\Users\Dan\Documents\GitHub\Huffman-Compression\Huffman Compression - 12009019\Huffman Code Tree Codes - 12009019\Debug\main.obj
C:\Users\Dan\Documents\GitHub\Huffman-Compression\Huffman Compression - 12009019\Huffman Code Tree Codes - 12009019\Debug\SymbolFreq.obj
C:\Users\Dan\Documents\GitHub\Huffman-Compression\Huffman Compression - 12009019\Huffman Code Tree Codes - 12009019\Debug\cl.command.1.tlog
C:\Users\Dan\Documents\GitHub\Huffman-Compression\Huffman Compression - 12009019\Huffman Code Tree Codes - 12009019\Debug\CL.read.1.tlog
C:\Users\Dan\Documents\GitHub\Huffman-Compression\Huffman Compression - 12009019\Huffman Code Tree Codes - 12009019\Debug\CL.write.1.tlog
C:\Users\Dan\Documents\GitHub\Huffman-Compression\Huffman Compression - 12009019\Huffman Code Tree Codes - 12009019\Debug\link-cvtres.read.1.tlog
C:\Users\Dan\Documents\GitHub\Huffman-Compression\Huffman Compression - 12009019\Huffman Code Tree Codes - 12009019\Debug\link-cvtres.write.1.tlog
C:\Users\Dan\Documents\GitHub\Huffman-Compression\Huffman Compression - 12009019\Huffman Code Tree Codes - 12009019\Debug\link-rc.read.1.tlog
C:\Users\Dan\Documents\GitHub\Huffman-Compression\Huffman Compression - 12009019\Huffman Code Tree Codes - 12009019\Debug\link-rc.write.1.tlog
C:\Users\Dan\Documents\GitHub\Huffman-Compression\Huffman Compression - 12009019\Huffman Code Tree Codes - 12009019\Debug\link.10820-cvtres.read.1.tlog
C:\Users\Dan\Documents\GitHub\Huffman-Compression\Huffman Compression - 12009019\Huffman Code Tree Codes - 12009019\Debug\link.10820-cvtres.write.1.tlog
C:\Users\Dan\Documents\GitHub\Huffman-Compression\Huffman Compression - 12009019\Huffman Code Tree Codes - 12009019\Debug\link.10820-rc.read.1.tlog
C:\Users\Dan\Documents\GitHub\Huffman-Compression\Huffman Compression - 12009019\Huffman Code Tree Codes - 12009019\Debug\link.10820-rc.write.1.tlog
C:\Users\Dan\Documents\GitHub\Huffman-Compression\Huffman Compression - 12009019\Huffman Code Tree Codes - 12009019\Debug\link.10820.read.1.tlog
C:\Users\Dan\Documents\GitHub\Huffman-Compression\Huffman Compression - 12009019\Huffman Code Tree Codes - 12009019\Debug\link.10820.write.1.tlog
C:\Users\Dan\Documents\GitHub\Huffman-Compression\Huffman Compression - 12009019\Huffman Code Tree Codes - 12009019\Debug\link.11032-cvtres.read.1.tlog
C:\Users\Dan\Documents\GitHub\Huffman-Compression\Huffman Compression - 12009019\Huffman Code Tree Codes - 12009019\Debug\link.11032-cvtres.write.1.tlog
C:\Users\Dan\Documents\GitHub\Huffman-Compression\Huffman Compression - 12009019\Huffman Code Tree Codes - 12009019\Debug\link.11032-rc.read.1.tlog
C:\Users\Dan\Documents\GitHub\Huffman-Compression\Huffman Compression - 12009019\Huffman Code Tree Codes - 12009019\Debug\link.11032-rc.write.1.tlog
C:\Users\Dan\Documents\GitHub\Huffman-Compression\Huffman Compression - 12009019\Huffman Code Tree Codes - 12009019\Debug\link.11032.read.1.tlog
C:\Users\Dan\Documents\GitHub\Huffman-Compression\Huffman Compression - 12009019\Huffman Code Tree Codes - 12009019\Debug\link.11032.write.1.tlog
C:\Users\Dan\Documents\GitHub\Huffman-Compression\Huffman Compression - 12009019\Huffman Code Tree Codes - 12009019\Debug\link.1236-cvtres.read.1.tlog
C:\Users\Dan\Documents\GitHub\Huffman-Compression\Huffman Compression - 12009019\Huffman Code Tree Codes - 12009019\Debug\link.1236-cvtres.write.1.tlog
C:\Users\Dan\Documents\GitHub\Huffman-Compression\Huffman Compression - 12009019\Huffman Code Tree Codes - 12009019\Debug\link.1236-rc.read.1.tlog
C:\Users\Dan\Documents\GitHub\Huffman-Compression\Huffman Compression - 12009019\Huffman Code Tree Codes - 12009019\Debug\link.1236-rc.write.1.tlog
C:\Users\Dan\Documents\GitHub\Huffman-Compression\Huffman Compression - 12009019\Huffman Code Tree Codes - 12009019\Debug\link.1236.read.1.tlog
C:\Users\Dan\Documents\GitHub\Huffman-Compression\Huffman Compression - 12009019\Huffman Code Tree Codes - 12009019\Debug\link.1236.write.1.tlog
C:\Users\Dan\Documents\GitHub\Huffman-Compression\Huffman Compression - 12009019\Huffman Code Tree Codes - 12009019\Debug\link.1284-cvtres.read.1.tlog
C:\Users\Dan\Documents\GitHub\Huffman-Compression\Huffman Compression - 12009019\Huffman Code Tree Codes - 12009019\Debug\link.1284-cvtres.write.1.tlog
C:\Users\Dan\Documents\GitHub\Huffman-Compression\Huffman Compression - 12009019\Huffman Code Tree Codes - 12009019\Debug\link.1284-rc.read.1.tlog
C:\Users\Dan\Documents\GitHub\Huffman-Compression\Huffman Compression - 12009019\Huffman Code Tree Codes - 12009019\Debug\link.1284-rc.write.1.tlog
C:\Users\Dan\Documents\GitHub\Huffman-Compression\Huffman Compression - 12009019\Huffman Code Tree Codes - 12009019\Debug\link.1284.read.1.tlog
C:\Users\Dan\Documents\GitHub\Huffman-Compression\Huffman Compression - 12009019\Huffman Code Tree Codes - 12009019\Debug\link.1284.write.1.tlog
C:\Users\Dan\Documents\GitHub\Huffman-Compression\Huffman Compression - 12009019\Huffman Code Tree Codes - 12009019\Debug\link.5708-cvtres.read.1.tlog
C:\Users\Dan\Documents\GitHub\Huffman-Compression\Huffman Compression - 12009019\Huffman Code Tree Codes - 12009019\Debug\link.5708-cvtres.write.1.tlog
C:\Users\Dan\Documents\GitHub\Huffman-Compression\Huffman Compression - 12009019\Huffman Code Tree Codes - 12009019\Debug\link.5708-rc.read.1.tlog
C:\Users\Dan\Documents\GitHub\Huffman-Compression\Huffman Compression - 12009019\Huffman Code Tree Codes - 12009019\Debug\link.5708-rc.write.1.tlog
C:\Users\Dan\Documents\GitHub\Huffman-Compression\Huffman Compression - 12009019\Huffman Code Tree Codes - 12009019\Debug\link.5708.read.1.tlog
C:\Users\Dan\Documents\GitHub\Huffman-Compression\Huffman Compression - 12009019\Huffman Code Tree Codes - 12009019\Debug\link.5708.write.1.tlog
C:\Users\Dan\Documents\GitHub\Huffman-Compression\Huffman Compression - 12009019\Huffman Code Tree Codes - 12009019\Debug\link.6804-cvtres.read.1.tlog
C:\Users\Dan\Documents\GitHub\Huffman-Compression\Huffman Compression - 12009019\Huffman Code Tree Codes - 12009019\Debug\link.6804-cvtres.write.1.tlog
C:\Users\Dan\Documents\GitHub\Huffman-Compression\Huffman Compression - 12009019\Huffman Code Tree Codes - 12009019\Debug\link.6804-rc.read.1.tlog
C:\Users\Dan\Documents\GitHub\Huffman-Compression\Huffman Compression - 12009019\Huffman Code Tree Codes - 12009019\Debug\link.6804-rc.write.1.tlog
C:\Users\Dan\Documents\GitHub\Huffman-Compression\Huffman Compression - 12009019\Huffman Code Tree Codes - 12009019\Debug\link.6804.read.1.tlog
C:\Users\Dan\Documents\GitHub\Huffman-Compression\Huffman Compression - 12009019\Huffman Code Tree Codes - 12009019\Debug\link.6804.write.1.tlog
C:\Users\Dan\Documents\GitHub\Huffman-Compression\Huffman Compression - 12009019\Huffman Code Tree Codes - 12009019\Debug\link.6956-cvtres.read.1.tlog
C:\Users\Dan\Documents\GitHub\Huffman-Compression\Huffman Compression - 12009019\Huffman Code Tree Codes - 12009019\Debug\link.6956-cvtres.write.1.tlog
C:\Users\Dan\Documents\GitHub\Huffman-Compression\Huffman Compression - 12009019\Huffman Code Tree Codes - 12009019\Debug\link.6956-rc.read.1.tlog
C:\Users\Dan\Documents\GitHub\Huffman-Compression\Huffman Compression - 12009019\Huffman Code Tree Codes - 12009019\Debug\link.6956-rc.write.1.tlog
C:\Users\Dan\Documents\GitHub\Huffman-Compression\Huffman Compression - 12009019\Huffman Code Tree Codes - 12009019\Debug\link.6956.read.1.tlog
C:\Users\Dan\Documents\GitHub\Huffman-Compression\Huffman Compression - 12009019\Huffman Code Tree Codes - 12009019\Debug\link.6956.write.1.tlog
C:\Users\Dan\Documents\GitHub\Huffman-Compression\Huffman Compression - 12009019\Huffman Code Tree Codes - 12009019\Debug\link.6968-cvtres.read.1.tlog
C:\Users\Dan\Documents\GitHub\Huffman-Compression\Huffman Compression - 12009019\Huffman Code Tree Codes - 12009019\Debug\link.6968-cvtres.write.1.tlog
C:\Users\Dan\Documents\GitHub\Huffman-Compression\Huffman Compression - 12009019\Huffman Code Tree Codes - 12009019\Debug\link.6968-rc.read.1.tlog
C:\Users\Dan\Documents\GitHub\Huffman-Compression\Huffman Compression - 12009019\Huffman Code Tree Codes - 12009019\Debug\link.6968-rc.write.1.tlog
C:\Users\Dan\Documents\GitHub\Huffman-Compression\Huffman Compression - 12009019\Huffman Code Tree Codes - 12009019\Debug\link.6968.read.1.tlog
C:\Users\Dan\Documents\GitHub\Huffman-Compression\Huffman Compression - 12009019\Huffman Code Tree Codes - 12009019\Debug\link.6968.write.1.tlog
C:\Users\Dan\Documents\GitHub\Huffman-Compression\Huffman Compression - 12009019\Huffman Code Tree Codes - 12009019\Debug\link.8224-cvtres.read.1.tlog
C:\Users\Dan\Documents\GitHub\Huffman-Compression\Huffman Compression - 12009019\Huffman Code Tree Codes - 12009019\Debug\link.8224-cvtres.write.1.tlog
C:\Users\Dan\Documents\GitHub\Huffman-Compression\Huffman Compression - 12009019\Huffman Code Tree Codes - 12009019\Debug\link.8224-rc.read.1.tlog
C:\Users\Dan\Documents\GitHub\Huffman-Compression\Huffman Compression - 12009019\Huffman Code Tree Codes - 12009019\Debug\link.8224-rc.write.1.tlog
C:\Users\Dan\Documents\GitHub\Huffman-Compression\Huffman Compression - 12009019\Huffman Code Tree Codes - 12009019\Debug\link.8224.read.1.tlog
C:\Users\Dan\Documents\GitHub\Huffman-Compression\Huffman Compression - 12009019\Huffman Code Tree Codes - 12009019\Debug\link.8224.write.1.tlog
C:\Users\Dan\Documents\GitHub\Huffman-Compression\Huffman Compression - 12009019\Huffman Code Tree Codes - 12009019\Debug\link.8832-cvtres.read.1.tlog
C:\Users\Dan\Documents\GitHub\Huffman-Compression\Huffman Compression - 12009019\Huffman Code Tree Codes - 12009019\Debug\link.8832-cvtres.write.1.tlog
C:\Users\Dan\Documents\GitHub\Huffman-Compression\Huffman Compression - 12009019\Huffman Code Tree Codes - 12009019\Debug\link.8832-rc.read.1.tlog
C:\Users\Dan\Documents\GitHub\Huffman-Compression\Huffman Compression - 12009019\Huffman Code Tree Codes - 12009019\Debug\link.8832-rc.write.1.tlog
C:\Users\Dan\Documents\GitHub\Huffman-Compression\Huffman Compression - 12009019\Huffman Code Tree Codes - 12009019\Debug\link.8832.read.1.tlog
C:\Users\Dan\Documents\GitHub\Huffman-Compression\Huffman Compression - 12009019\Huffman Code Tree Codes - 12009019\Debug\link.8832.write.1.tlog
C:\Users\Dan\Documents\GitHub\Huffman-Compression\Huffman Compression - 12009019\Huffman Code Tree Codes - 12009019\Debug\link.9208-cvtres.read.1.tlog
C:\Users\Dan\Documents\GitHub\Huffman-Compression\Huffman Compression - 12009019\Huffman Code Tree Codes - 12009019\Debug\link.9208-cvtres.write.1.tlog
C:\Users\Dan\Documents\GitHub\Huffman-Compression\Huffman Compression - 12009019\Huffman Code Tree Codes - 12009019\Debug\link.9208-rc.read.1.tlog
C:\Users\Dan\Documents\GitHub\Huffman-Compression\Huffman Compression - 12009019\Huffman Code Tree Codes - 12009019\Debug\link.9208-rc.write.1.tlog
C:\Users\Dan\Documents\GitHub\Huffman-Compression\Huffman Compression - 12009019\Huffman Code Tree Codes - 12009019\Debug\link.9208.read.1.tlog
C:\Users\Dan\Documents\GitHub\Huffman-Compression\Huffman Compression - 12009019\Huffman Code Tree Codes - 12009019\Debug\link.9208.write.1.tlog
C:\Users\Dan\Documents\GitHub\Huffman-Compression\Huffman Compression - 12009019\Huffman Code Tree Codes - 12009019\Debug\link.command.1.tlog
C:\Users\Dan\Documents\GitHub\Huffman-Compression\Huffman Compression - 12009019\Huffman Code Tree Codes - 12009019\Debug\link.read.1.tlog
C:\Users\Dan\Documents\GitHub\Huffman-Compression\Huffman Compression - 12009019\Huffman Code Tree Codes - 12009019\Debug\link.write.1.tlog
C:\Users\Dan\Documents\GitHub\Huffman-Compression\Huffman Compression - 12009019\Huffman Code Tree Codes - 12009019\Debug\vc110.idb
C:\Users\Dan\Documents\GitHub\Huffman-Compression\Huffman Compression - 12009019\Huffman Code Tree Codes - 12009019\Debug\vc110.pdb
C:\Users\Dan\Documents\GitHub\Huffman-Compression\Huffman Compression - 12009019\Debug\Huffman Code Tree Codes - 12009019.pdb
C:\Users\Dan\Documents\GitHub\Huffman-Compression\Huffman Compression - 12009019\Debug\Huffman Code Tree Codes - 12009019.exe
C:\Users\Dan\Documents\GitHub\Huffman-Compression\Huffman Compression - 12009019\Debug\Huffman Code Tree Codes - 12009019.ilk
