Build started 22/05/2015 12:47:42.
     1>Project "C:\Users\Dan\Documents\GitHub\Huffman-Compression\Huffman Compression - 12009019\Huffman Code Tree Codes - 12009019\Huffman Code Tree Codes - 12009019.vcxproj" on node 2 (Build target(s)).
     1>ClCompile:
         C:\Program Files (x86)\Microsoft Visual Studio 11.0\VC\bin\CL.exe /c /ZI /nologo /W3 /WX- /sdl /Od /Oy- /D _MBCS /Gm /EHsc /RTC1 /MDd /GS /fp:precise /Zc:wchar_t /Zc:forScope /Fo"Debug\\" /Fd"Debug\vc110.pdb" /Gd /TP /analyze- /errorReport:prompt BinaryTree.cpp huffmanTree.cpp main.cpp SymbolFreq.cpp
         SymbolFreq.cpp
     1>c:\users\dan\documents\github\huffman-compression\huffman compression - 12009019\huffman code tree codes - 12009019\symbolfreq.cpp(11): warning C4018: '<' : signed/unsigned mismatch
         main.cpp
         huffmanTree.cpp
     1>c:\users\dan\documents\github\huffman-compression\huffman compression - 12009019\huffman code tree codes - 12009019\huffmantree.cpp(138): warning C4018: '<' : signed/unsigned mismatch
     1>c:\users\dan\documents\github\huffman-compression\huffman compression - 12009019\huffman code tree codes - 12009019\huffmantree.cpp(193): warning C4018: '<' : signed/unsigned mismatch
     1>c:\users\dan\documents\github\huffman-compression\huffman compression - 12009019\huffman code tree codes - 12009019\huffmantree.cpp(199): warning C4018: '<' : signed/unsigned mismatch
         BinaryTree.cpp
         Generating Code...
       Link:
         C:\Program Files (x86)\Microsoft Visual Studio 11.0\VC\bin\link.exe /ERRORREPORT:PROMPT /OUT:"C:\Users\Dan\Documents\GitHub\Huffman-Compression\Huffman Compression - 12009019\Debug\Huffman Code Tree Codes - 12009019.exe" /INCREMENTAL /NOLOGO kernel32.lib user32.lib gdi32.lib winspool.lib comdlg32.lib advapi32.lib shell32.lib ole32.lib oleaut32.lib uuid.lib odbc32.lib odbccp32.lib /MANIFEST /MANIFESTUAC:"level='asInvoker' uiAccess='false'" /manifest:embed /DEBUG /PDB:"C:\Users\Dan\Documents\GitHub\Huffman-Compression\Huffman Compression - 12009019\Debug\Huffman Code Tree Codes - 12009019.pdb" /TLBID:1 /DYNAMICBASE /NXCOMPAT /IMPLIB:"C:\Users\Dan\Documents\GitHub\Huffman-Compression\Huffman Compression - 12009019\Debug\Huffman Code Tree Codes - 12009019.lib" /MACHINE:X86 Debug\BinaryTree.obj
         Debug\huffmanTree.obj
         Debug\main.obj
         Debug\SymbolFreq.obj
         Huffman Code Tree Codes - 12009019.vcxproj -> C:\Users\Dan\Documents\GitHub\Huffman-Compression\Huffman Compression - 12009019\Debug\Huffman Code Tree Codes - 12009019.exe
     1>Done Building Project "C:\Users\Dan\Documents\GitHub\Huffman-Compression\Huffman Compression - 12009019\Huffman Code Tree Codes - 12009019\Huffman Code Tree Codes - 12009019.vcxproj" (Build target(s)).

Build succeeded.

Time Elapsed 00:00:06.13
