C:\USERS\DAN\DOCUMENTS\GITHUB\HUFFMAN-COMPRESSION\HUFFMAN COMPRESSION & DECOMPRESSION - 12009019\HUFFMAN CODE TREE CODES - 12009019\DEBUG\BINARYTREE.OBJ
C:\USERS\DAN\DOCUMENTS\GITHUB\HUFFMAN-COMPRESSION\HUFFMAN COMPRESSION & DECOMPRESSION - 12009019\HUFFMAN CODE TREE CODES - 12009019\DEBUG\HUFFMANTREE.OBJ
C:\USERS\DAN\DOCUMENTS\GITHUB\HUFFMAN-COMPRESSION\HUFFMAN COMPRESSION & DECOMPRESSION - 12009019\HUFFMAN CODE TREE CODES - 12009019\DEBUG\MAIN.OBJ
C:\USERS\DAN\DOCUMENTS\GITHUB\HUFFMAN-COMPRESSION\HUFFMAN COMPRESSION & DECOMPRESSION - 12009019\HUFFMAN CODE TREE CODES - 12009019\DEBUG\SYMBOLFREQ.OBJ
C:\USERS\DAN\DOCUMENTS\GITHUB\HUFFMAN-COMPRESSION\HUFFMAN COMPRESSION & DECOMPRESSION - 12009019\HUFFMAN CODE TREE CODES - 12009019\DEBUG\VC110.PDB
C:\USERS\DAN\DOCUMENTS\GITHUB\HUFFMAN-COMPRESSION\HUFFMAN COMPRESSION & DECOMPRESSION - 12009019\DEBUG\HUFFMAN CODE TREE CODES - 12009019.ILK
C:\USERS\DAN\DOCUMENTS\GITHUB\HUFFMAN-COMPRESSION\HUFFMAN COMPRESSION & DECOMPRESSION - 12009019\DEBUG\HUFFMAN CODE TREE CODES - 12009019.EXE
C:\USERS\DAN\DOCUMENTS\GITHUB\HUFFMAN-COMPRESSION\HUFFMAN COMPRESSION & DECOMPRESSION - 12009019\DEBUG\HUFFMAN CODE TREE CODES - 12009019.PDB
C:\Users\Dan\Documents\GitHub\Huffman-Compression\Huffman Compression & Decompression - 12009019\Huffman Code Tree Codes - 12009019\Debug\BinaryTree.obj
C:\Users\Dan\Documents\GitHub\Huffman-Compression\Huffman Compression & Decompression - 12009019\Huffman Code Tree Codes - 12009019\Debug\huffmanTree.obj
C:\Users\Dan\Documents\GitHub\Huffman-Compression\Huffman Compression & Decompression - 12009019\Huffman Code Tree Codes - 12009019\Debug\main.obj
C:\Users\Dan\Documents\GitHub\Huffman-Compression\Huffman Compression & Decompression - 12009019\Huffman Code Tree Codes - 12009019\Debug\SymbolFreq.obj
C:\Users\Dan\Documents\GitHub\Huffman-Compression\Huffman Compression & Decompression - 12009019\Huffman Code Tree Codes - 12009019\Debug\cl.command.1.tlog
C:\Users\Dan\Documents\GitHub\Huffman-Compression\Huffman Compression & Decompression - 12009019\Huffman Code Tree Codes - 12009019\Debug\CL.read.1.tlog
C:\Users\Dan\Documents\GitHub\Huffman-Compression\Huffman Compression & Decompression - 12009019\Huffman Code Tree Codes - 12009019\Debug\CL.write.1.tlog
C:\Users\Dan\Documents\GitHub\Huffman-Compression\Huffman Compression & Decompression - 12009019\Huffman Code Tree Codes - 12009019\Debug\link-cvtres.read.1.tlog
C:\Users\Dan\Documents\GitHub\Huffman-Compression\Huffman Compression & Decompression - 12009019\Huffman Code Tree Codes - 12009019\Debug\link-cvtres.write.1.tlog
C:\Users\Dan\Documents\GitHub\Huffman-Compression\Huffman Compression & Decompression - 12009019\Huffman Code Tree Codes - 12009019\Debug\link-rc.read.1.tlog
C:\Users\Dan\Documents\GitHub\Huffman-Compression\Huffman Compression & Decompression - 12009019\Huffman Code Tree Codes - 12009019\Debug\link-rc.write.1.tlog
C:\Users\Dan\Documents\GitHub\Huffman-Compression\Huffman Compression & Decompression - 12009019\Huffman Code Tree Codes - 12009019\Debug\link.command.1.tlog
C:\Users\Dan\Documents\GitHub\Huffman-Compression\Huffman Compression & Decompression - 12009019\Huffman Code Tree Codes - 12009019\Debug\link.read.1.tlog
C:\Users\Dan\Documents\GitHub\Huffman-Compression\Huffman Compression & Decompression - 12009019\Huffman Code Tree Codes - 12009019\Debug\link.write.1.tlog
C:\Users\Dan\Documents\GitHub\Huffman-Compression\Huffman Compression & Decompression - 12009019\Huffman Code Tree Codes - 12009019\Debug\vc110.idb
C:\Users\Dan\Documents\GitHub\Huffman-Compression\Huffman Compression & Decompression - 12009019\Huffman Code Tree Codes - 12009019\Debug\vc110.pdb
C:\Users\Dan\Documents\GitHub\Huffman-Compression\Huffman Compression & Decompression - 12009019\Debug\Huffman Code Tree Codes - 12009019.pdb
C:\Users\Dan\Documents\GitHub\Huffman-Compression\Huffman Compression & Decompression - 12009019\Debug\Huffman Code Tree Codes - 12009019.exe
C:\Users\Dan\Documents\GitHub\Huffman-Compression\Huffman Compression & Decompression - 12009019\Debug\Huffman Code Tree Codes - 12009019.ilk
